Arguments: 
  /usr/local/Cellar/node/10.8.0/bin/node /usr/local/bin/yarn start

PATH: 
  /Library/Frameworks/Python.framework/Versions/3.8/bin:/usr/local/bin:/usr/bin:/bin:/usr/sbin:/sbin:/Library/Frameworks/Python.framework/Versions/3.8/bin

Yarn version: 
  1.13.0

Node version: 
  10.8.0

Platform: 
  darwin x64

Trace: 
  SyntaxError: /Users/joycenguyen/Desktop/PROJECT 3/TeamSass-Project3/client/package.json: Unexpected token < in JSON at position 545
      at JSON.parse (<anonymous>)
      at /usr/local/lib/node_modules/yarn/lib/cli.js:1625:59
      at Generator.next (<anonymous>)
      at step (/usr/local/lib/node_modules/yarn/lib/cli.js:304:30)
      at /usr/local/lib/node_modules/yarn/lib/cli.js:315:13

npm manifest: 
  {
    "name": "mern",
    "version": "0.1.0",
    "description": "Mern Demo",
    "private": true,
    "proxy": "http://localhost:3001/",
    "dependencies": {
      "@material-ui/core": "^3.9.2",
      "axios": "^0.18.0",
      "dayz": "^2.3.0",
      "dotenv": "^6.2.0",
      "moment": "^2.24.0",
      "react": "^16.6.3",
      "react-agenda": "^0.0.8",
      "react-dom": "^16.6.3",
      "react-materialize": "^2.6.0",
      "react-native": "^0.58.5",
      "react-native-calendars": "^1.22.0",
      "react-router-dom": "^4.3.1",
      "react-scripts": "2.0.0-next.3e165448",
  <<<<<<< HEAD
      "react-sticky": "^6.0.3"
  =======
      "react-swipeable-views": "^0.13.1"
  >>>>>>> development
    },
    "scripts": {
      "start": "react-scripts start",
      "build": "react-scripts build",
      "test": "react-scripts test --env=jsdom",
      "eject": "react-scripts eject"
    },
    "browserslist": {
      "development": [
        "last 2 chrome versions",
        "last 2 firefox versions",
        "last 2 edge versions"
      ],
      "production": [
        ">0.25%",
        "not op_mini all",
        "ie 11"
      ]
    }
  }

yarn manifest: 
  No manifest

Lockfile: 
  No lockfile
