Arguments: 
  C:\Program Files\nodejs\node.exe C:\Users\Katie\AppData\Roaming\npm\node_modules\yarn\bin\yarn.js add axios

PATH: 
  C:\Program Files\Git\mingw64\bin;C:\Program Files\Git\usr\bin;C:\Users\Katie\bin;C:\Program Files (x86)\Intel\iCLS Client;C:\Program Files\Intel\iCLS Client;C:\WINDOWS\system32;C:\WINDOWS;C:\WINDOWS\System32\Wbem;C:\WINDOWS\System32\WindowsPowerShell\v1.0;C:\Program Files (x86)\Intel\OpenCL SDK\2.0\bin\x86;C:\Program Files (x86)\Intel\OpenCL SDK\2.0\bin\x64;C:\Program Files\Intel\WiFi\bin;C:\Program Files\Common Files\Intel\WirelessCommon;C:\Program Files\Common Files\Lenovo;C:\SWTOOLS\ReadyApps;C:\Program Files (x86)\Common Files\Lenovo;C:\Program Files (x86)\Lenovo\Access Connections;C:\Program Files (x86)\Common Files\lenovo\easyplussdk\bin;C:\Program Files\Intel\Intel(R) Management Engine Components\DAL;C:\Program Files\Intel\Intel(R) Management Engine Components\IPT;C:\Program Files (x86)\Intel\Intel(R) Management Engine Components\DAL;C:\Program Files (x86)\Intel\Intel(R) Management Engine Components\IPT;C:\WINDOWS\System32\OpenSSH;C:\Program Files\Microsoft VS Code\bin;C:\Program Files\Git\cmd;C:\Program Files\nodejs;C:\Users\Katie\AppData\Local\Microsoft\WindowsApps;C:\Program Files\heroku\bin;C:\Users\Katie\AppData\Local\GitHubDesktop\bin;C:\Users\Katie\AppData\Roaming\npm;C:\Program Files\Robo 3T 1.2.1;C:\Program Files\Robo 3T 1.2.1\bin;C:\Program Files\MongoDB\Server\1.2.1\bin;C:\Program Files\MongoDB\Server\4.0.5\bin;C:\Program Files\MongoDB\Server\4.0\bin

Yarn version: 
  1.13.0

Node version: 
  11.0.0

Platform: 
  win32 x64

Trace: 
  SyntaxError: c:\Users\Katie\Desktop\repos\TeamSass-Project3\client\package.json: Unexpected token = in JSON at position 283
      at JSON.parse (<anonymous>)
      at C:\Users\Katie\AppData\Roaming\npm\node_modules\yarn\lib\cli.js:1625:59
      at Generator.next (<anonymous>)
      at step (C:\Users\Katie\AppData\Roaming\npm\node_modules\yarn\lib\cli.js:304:30)
      at C:\Users\Katie\AppData\Roaming\npm\node_modules\yarn\lib\cli.js:315:13

npm manifest: 
  {
    "name": "utils",
    "version": "1.0.0",
    "description": "",
    "main": "api.js",
    "scripts": {
      "test": "echo \"Error: no test specified\" && exit 1"
    },
    "author": "",
    "license": "ISC",
    "dependencies": {
      "dotenv": "^6.2.0"
    }
  }

yarn manifest: 
  No manifest

Lockfile: 
  No lockfile
